<?xml version="1.0" encoding="UTF-8"?>
<!-- Generated by org.testng.reporters.JUnitXMLReporter -->
<testsuite hostname="ws-korchevsky" ignored="0" tests="6" failures="0" timestamp="20 Feb 2018 10:46:18 GMT" time="31.816" errors="0">
  <testcase name="firstLinkTest" time="3.56" classname="TestMailRu"/>
  <testcase name="searchAndVerifyResultsTest" time="2.454" classname="TestMailRu"/>
  <testcase name="searchAndVerifyResultsTest" time="2.119" classname="TestMailRu"/>
  <testcase name="searchAndVerifyResultsTest" time="2.402" classname="TestMailRu"/>
  <testcase name="searchAndVerifyResultsTest" time="9.464" classname="TestMailRu"/>
  <testcase name="searchTest" time="2.644" classname="TestMailRu"/>
</testsuite>
