<?xml version="1.0" encoding="UTF-8"?>
<testng-results skipped="0" failed="0" ignored="0" total="6" passed="6">
  <reporter-output>
  </reporter-output>
  <suite name="Suite" duration-ms="33962" started-at="2018-02-20T12:46:48Z" finished-at="2018-02-20T12:47:22Z">
    <groups>
    </groups>
    <test name="Test" duration-ms="33962" started-at="2018-02-20T12:46:48Z" finished-at="2018-02-20T12:47:22Z">
      <class name="TestMailRu">
        <test-method status="PASS" signature="start()[pri:0, instance:TestMailRu@6febec41]" name="start" is-config="true" duration-ms="8975" started-at="2018-02-20T12:46:48Z" finished-at="2018-02-20T12:46:57Z">
          <reporter-output>
          </reporter-output>
        </test-method> <!-- start -->
        <test-method status="PASS" signature="firstLinkTest()[pri:0, instance:TestMailRu@6febec41]" name="firstLinkTest" duration-ms="3667" started-at="2018-02-20T12:46:57Z" description="First Link Test" finished-at="2018-02-20T12:47:01Z">
          <reporter-output>
          </reporter-output>
        </test-method> <!-- firstLinkTest -->
        <test-method status="PASS" signature="searchAndVerifyResultsTest(java.lang.String)[pri:0, instance:TestMailRu@6febec41]" name="searchAndVerifyResultsTest" duration-ms="3105" started-at="2018-02-20T12:47:01Z" description="Search And Verify Results Test" data-provider="TestDataFromFile" finished-at="2018-02-20T12:47:04Z">
          <params>
            <param index="0">
              <value>
                <![CDATA[Selenium]]>
              </value>
            </param>
          </params>
          <reporter-output>
          </reporter-output>
        </test-method> <!-- searchAndVerifyResultsTest -->
        <test-method status="PASS" signature="searchAndVerifyResultsTest(java.lang.String)[pri:0, instance:TestMailRu@6febec41]" name="searchAndVerifyResultsTest" duration-ms="2278" started-at="2018-02-20T12:47:04Z" description="Search And Verify Results Test" data-provider="TestDataFromFile" finished-at="2018-02-20T12:47:06Z">
          <params>
            <param index="0">
              <value>
                <![CDATA[Firefox]]>
              </value>
            </param>
          </params>
          <reporter-output>
          </reporter-output>
        </test-method> <!-- searchAndVerifyResultsTest -->
        <test-method status="PASS" signature="searchAndVerifyResultsTest(java.lang.String)[pri:0, instance:TestMailRu@6febec41]" name="searchAndVerifyResultsTest" duration-ms="2734" started-at="2018-02-20T12:47:06Z" description="Search And Verify Results Test" data-provider="TestDataFromFile" finished-at="2018-02-20T12:47:09Z">
          <params>
            <param index="0">
              <value>
                <![CDATA[Microsoft]]>
              </value>
            </param>
          </params>
          <reporter-output>
          </reporter-output>
        </test-method> <!-- searchAndVerifyResultsTest -->
        <test-method status="PASS" signature="searchAndVerifyResultsTest(java.lang.String)[pri:0, instance:TestMailRu@6febec41]" name="searchAndVerifyResultsTest" duration-ms="9542" started-at="2018-02-20T12:47:09Z" description="Search And Verify Results Test" data-provider="TestDataFromFile" finished-at="2018-02-20T12:47:19Z">
          <params>
            <param index="0">
              <value>
                <![CDATA[TestNG]]>
              </value>
            </param>
          </params>
          <reporter-output>
          </reporter-output>
        </test-method> <!-- searchAndVerifyResultsTest -->
        <test-method status="PASS" signature="searchTest()[pri:0, instance:TestMailRu@6febec41]" name="searchTest" duration-ms="3381" started-at="2018-02-20T12:47:19Z" description="Search Test" finished-at="2018-02-20T12:47:22Z">
          <reporter-output>
          </reporter-output>
        </test-method> <!-- searchTest -->
        <test-method status="PASS" signature="close()[pri:0, instance:TestMailRu@6febec41]" name="close" is-config="true" duration-ms="1" started-at="2018-02-20T12:47:22Z" finished-at="2018-02-20T12:47:22Z">
          <reporter-output>
          </reporter-output>
        </test-method> <!-- close -->
      </class> <!-- TestMailRu -->
    </test> <!-- Test -->
  </suite> <!-- Suite -->
</testng-results>
