<?xml version="1.0" encoding="UTF-8"?>
<testng-results skipped="0" failed="0" ignored="0" total="6" passed="6">
  <reporter-output>
  </reporter-output>
  <suite name="Suite" duration-ms="31816" started-at="2018-02-20T10:45:46Z" finished-at="2018-02-20T10:46:18Z">
    <groups>
    </groups>
    <test name="Test" duration-ms="31816" started-at="2018-02-20T10:45:46Z" finished-at="2018-02-20T10:46:18Z">
      <class name="TestMailRu">
        <test-method status="PASS" signature="start()[pri:0, instance:TestMailRu@2beee3e8]" name="start" is-config="true" duration-ms="8652" started-at="2018-02-20T10:45:46Z" finished-at="2018-02-20T10:45:55Z">
          <reporter-output>
          </reporter-output>
        </test-method> <!-- start -->
        <test-method status="PASS" signature="firstLinkTest()[pri:0, instance:TestMailRu@2beee3e8]" name="firstLinkTest" duration-ms="3560" started-at="2018-02-20T10:45:55Z" description="First Link Test" finished-at="2018-02-20T10:45:58Z">
          <reporter-output>
          </reporter-output>
        </test-method> <!-- firstLinkTest -->
        <test-method status="PASS" signature="searchAndVerifyResultsTest(java.lang.String)[pri:0, instance:TestMailRu@2beee3e8]" name="searchAndVerifyResultsTest" duration-ms="2454" started-at="2018-02-20T10:45:58Z" description="Search And Verify Results Test" data-provider="TestDataFromFile" finished-at="2018-02-20T10:46:01Z">
          <params>
            <param index="0">
              <value>
                <![CDATA[Selenium]]>
              </value>
            </param>
          </params>
          <reporter-output>
          </reporter-output>
        </test-method> <!-- searchAndVerifyResultsTest -->
        <test-method status="PASS" signature="searchAndVerifyResultsTest(java.lang.String)[pri:0, instance:TestMailRu@2beee3e8]" name="searchAndVerifyResultsTest" duration-ms="2119" started-at="2018-02-20T10:46:01Z" description="Search And Verify Results Test" data-provider="TestDataFromFile" finished-at="2018-02-20T10:46:03Z">
          <params>
            <param index="0">
              <value>
                <![CDATA[Firefox]]>
              </value>
            </param>
          </params>
          <reporter-output>
          </reporter-output>
        </test-method> <!-- searchAndVerifyResultsTest -->
        <test-method status="PASS" signature="searchAndVerifyResultsTest(java.lang.String)[pri:0, instance:TestMailRu@2beee3e8]" name="searchAndVerifyResultsTest" duration-ms="2402" started-at="2018-02-20T10:46:03Z" description="Search And Verify Results Test" data-provider="TestDataFromFile" finished-at="2018-02-20T10:46:05Z">
          <params>
            <param index="0">
              <value>
                <![CDATA[Microsoft]]>
              </value>
            </param>
          </params>
          <reporter-output>
          </reporter-output>
        </test-method> <!-- searchAndVerifyResultsTest -->
        <test-method status="PASS" signature="searchAndVerifyResultsTest(java.lang.String)[pri:0, instance:TestMailRu@2beee3e8]" name="searchAndVerifyResultsTest" duration-ms="9464" started-at="2018-02-20T10:46:05Z" description="Search And Verify Results Test" data-provider="TestDataFromFile" finished-at="2018-02-20T10:46:15Z">
          <params>
            <param index="0">
              <value>
                <![CDATA[TestNG]]>
              </value>
            </param>
          </params>
          <reporter-output>
          </reporter-output>
        </test-method> <!-- searchAndVerifyResultsTest -->
        <test-method status="PASS" signature="searchTest()[pri:0, instance:TestMailRu@2beee3e8]" name="searchTest" duration-ms="2644" started-at="2018-02-20T10:46:15Z" description="Search Test" finished-at="2018-02-20T10:46:18Z">
          <reporter-output>
          </reporter-output>
        </test-method> <!-- searchTest -->
        <test-method status="PASS" signature="close()[pri:0, instance:TestMailRu@2beee3e8]" name="close" is-config="true" duration-ms="2" started-at="2018-02-20T10:46:18Z" finished-at="2018-02-20T10:46:18Z">
          <reporter-output>
          </reporter-output>
        </test-method> <!-- close -->
      </class> <!-- TestMailRu -->
    </test> <!-- Test -->
  </suite> <!-- Suite -->
</testng-results>
